<?xml version="1.0" encoding="UTF-8"?>
<!-- Generated by org.testng.reporters.JUnitReportReporter -->
<testsuite skipped="0" hostname="DESKTOP-UBQJ9QQ" name="com.demoTest.NaukriTest" tests="1" failures="0" timestamp="2021-03-22T16:20:12 IST" time="15.410" errors="0">
  <testcase name="testNaukriTest" time="15.410" classname="com.demoTest.NaukriTest"/>
  <system-out/>
</testsuite> <!-- com.demoTest.NaukriTest -->
